2019-07-11 22:42:17,595 - ***
2019-07-11 22:42:17,595 - ***
2019-07-11 22:42:17,605 - ***
2019-07-11 22:42:17,605 - *** Started Process to Rename Files
2019-07-11 22:42:17,605 - Renamed C:\PYtests\IMtool\Data\EmployeeFile20190611.txt.pgp to C:\PYtests\IMtool\Data\EmployeeFile.txt.pgp
2019-07-11 22:42:17,605 - Renamed C:\PYtests\IMtool\Data\SPM_CUSTOMER_2019-07-02_11_36_39.txt to C:\PYtests\IMtool\Data\SPM_CUSTOMER.txt
2019-07-11 22:42:17,618 - Renamed C:\PYtests\IMtool\Data\SPM_INVOICE_2019-07-02_11_36_39.txt to C:\PYtests\IMtool\Data\SPM_INVOICE.txt
2019-07-11 22:42:17,618 - Renamed C:\PYtests\IMtool\Data\SPM_PRODUCT_2019-07-02_11_36_40.txt to C:\PYtests\IMtool\Data\SPM_PRODUCT.txt
2019-07-11 22:42:17,624 - Renamed C:\PYtests\IMtool\Data\SPM_VENDOR_2019-07-02_11_36_40.txt to C:\PYtests\IMtool\Data\SPM_VENDOR.txt
2019-07-11 22:43:53,405 - ***
2019-07-11 22:43:53,409 - ***
2019-07-11 22:43:53,415 - ***
2019-07-11 22:43:53,415 - *** Started Process to Archive Files
2019-07-11 22:43:53,425 - Archived: EmployeeFile.txt.pgp
2019-07-11 22:43:53,425 - Archived: SPM_CUSTOMER.txt
2019-07-11 22:43:53,437 - Archived: SPM_INVOICE.txt
2019-07-11 22:43:53,444 - Archived: SPM_PRODUCT.txt
2019-07-11 22:43:53,444 - Archived: SPM_VENDOR.txt
2019-07-11 22:49:05,209 - ***
2019-07-11 22:49:05,222 - ***
2019-07-11 22:49:05,222 - ***
2019-07-11 22:49:05,228 - *** Started Process to Delete Archived Files
2019-07-11 22:49:05,239 - Deleted: EmployeeFile.txt20190711224353.pgp
2019-07-11 22:49:05,239 - Deleted: SPM_CUSTOMER20190711224353.txt
2019-07-11 22:49:05,239 - Deleted: SPM_INVOICE20190711224353.txt
2019-07-11 22:49:05,249 - Deleted: SPM_PRODUCT20190711224353.txt
2019-07-11 22:49:05,252 - Deleted: SPM_VENDOR20190711224353.txt
2019-07-12 19:40:47,509 - ***
2019-07-12 19:40:47,510 - ***
2019-07-12 19:40:47,510 - ***
2019-07-12 19:40:47,510 - *** Started Process to Rename Files
2019-07-12 19:40:47,511 - Renamed C:\PYtests\IMtool\Data\SPM_VENDOR111.txt to C:\PYtests\IMtool\Data\SPM_VENDOR.txt
2019-07-12 19:56:12,700 - Creating C:\PYtests\IMtool\IM_FileArchiveTool\icmtracker.txt...
2019-07-12 19:56:46,265 - Creating C:\PYtests\IMtool\IM_FileArchiveTool\icmtracker.txt...
2019-07-12 19:56:46,266 - ***
2019-07-12 19:56:46,266 - ***
2019-07-12 19:56:46,266 - ***
2019-07-12 19:56:46,266 - *** Started Process to Rename Files
2019-07-12 19:58:49,203 - ***
2019-07-12 19:58:49,203 - ***
2019-07-12 19:58:49,203 - ***
2019-07-12 19:58:49,204 - *** Started Process to Rename Files
2019-07-12 19:59:05,995 - ***
2019-07-12 19:59:05,995 - ***
2019-07-12 19:59:05,995 - ***
2019-07-12 19:59:05,995 - *** Started Process to Rename Files
2019-07-12 19:59:05,996 - Processing EmployeesFile101.txt.pgp...
2019-07-12 19:59:05,996 - Processing SPM_VENDOR111.txt...
2019-07-12 19:59:05,997 - Renamed C:\PYtests\IMtool\Data\SPM_VENDOR111.txt to C:\PYtests\IMtool\Data\SPM_VENDOR.txt
2019-07-12 19:59:06,000 - Processing backup...
2019-07-12 19:59:06,000 - C:\PYtests\IMtool\Data\backup does not exist. Skipping...
2019-07-12 20:00:55,765 - ***
2019-07-12 20:00:55,766 - ***
2019-07-12 20:00:55,766 - ***
2019-07-12 20:00:55,766 - *** Started Process to Rename Files
2019-07-12 20:00:55,766 - Processing EmployeesFile101.txt.pgp...
2019-07-12 20:00:55,767 - Processing SPM_VENDOR.txt...
2019-07-12 20:00:55,767 - Processing backup...
2019-07-12 20:00:55,767 - C:\PYtests\IMtool\Data\backup is not a file or does not exist. Skipping...
2019-07-12 20:00:58,975 - ***
2019-07-12 20:00:58,975 - ***
2019-07-12 20:00:58,975 - ***
2019-07-12 20:00:58,975 - *** Started Process to Rename Files
2019-07-12 20:00:58,976 - Processing EmployeesFile101.txt.pgp...
2019-07-12 20:00:58,976 - Processing SPM_VENDOR.txt...
2019-07-12 20:00:58,976 - Processing backup...
2019-07-12 20:00:58,977 - C:\PYtests\IMtool\Data\backup is not a file or does not exist. Skipping...
2019-07-12 20:01:32,255 - ***
2019-07-12 20:01:32,255 - ***
2019-07-12 20:01:32,255 - ***
2019-07-12 20:01:32,255 - *** Started Process to Rename Files
2019-07-12 20:01:32,255 - Processing folder'C:\PYtests\IMtool\Data\'...
2019-07-12 20:01:32,256 - Processing file'EmployeesFile101.txt.pgp'...
2019-07-12 20:01:32,256 - Processing file'SPM_VENDOR.txt'...
2019-07-12 20:01:32,256 - Processing file'backup'...
2019-07-12 20:01:32,256 - C:\PYtests\IMtool\Data\backup is not a file or does not exist. Skipping...
2019-07-12 20:02:52,282 - ***
2019-07-12 20:02:52,282 - ***
2019-07-12 20:02:52,283 - ***
2019-07-12 20:02:52,283 - *** Started Process to Rename Files
2019-07-12 20:02:52,283 - Processing folder'C:\PYtests\IMtool\Data\'...
2019-07-12 20:02:52,283 - Processing file'EmployeesFile101.txt.pgp'...
2019-07-12 20:02:52,284 - Processing file'SPM_VENDOR.txt'...
2019-07-12 20:02:52,284 - Processing file'backup'...
2019-07-12 20:02:52,284 - C:\PYtests\IMtool\Data\backup is not a file or does not exist. Skipping...
2019-07-12 20:04:11,199 - ***
2019-07-12 20:04:11,199 - ***
2019-07-12 20:04:11,199 - ***
2019-07-12 20:04:11,199 - *** Started Process to Rename Files
2019-07-12 20:04:11,200 - Processing folder'C:\PYtests\IMtool\Data\'...
2019-07-12 20:04:11,200 - Processing file'C:\PYtests\IMtool\Data\EmployeesFile101.txt.pgp'...
2019-07-12 20:04:11,200 - Processing file'C:\PYtests\IMtool\Data\SPM_VENDOR.txt'...
2019-07-12 20:04:11,200 - Processing file'C:\PYtests\IMtool\Data\backup'...
2019-07-12 20:04:11,201 - C:\PYtests\IMtool\Data\backup is not a file or does not exist. Skipping...
2019-07-12 20:06:23,266 - ***
2019-07-12 20:06:23,266 - ***
2019-07-12 20:06:23,266 - ***
2019-07-12 20:06:23,267 - *** Started Process to Rename Files
2019-07-12 20:06:23,267 - Processing folder'C:\PYtests\IMtool\Data\'...
2019-07-12 20:06:23,267 - Processing file'C:\PYtests\IMtool\Data\EmployeeFile101.txt.pgp'...
2019-07-12 20:06:23,267 - Renamed C:\PYtests\IMtool\Data\EmployeeFile101.txt.pgp to C:\PYtests\IMtool\Data\EmployeeFile.txt.pgp
2019-07-12 20:06:23,268 - Skipping C:\PYtests\IMtool\Data\EmployeeFile101.txt.pgp
2019-07-12 20:06:23,268 - Skipping C:\PYtests\IMtool\Data\EmployeeFile101.txt.pgp
2019-07-12 20:06:23,268 - Skipping C:\PYtests\IMtool\Data\EmployeeFile101.txt.pgp
2019-07-12 20:06:23,269 - Skipping C:\PYtests\IMtool\Data\EmployeeFile101.txt.pgp
2019-07-12 20:06:23,269 - Processing file'C:\PYtests\IMtool\Data\SPM_VENDOR.txt'...
2019-07-12 20:06:23,269 - Skipping C:\PYtests\IMtool\Data\SPM_VENDOR.txt
2019-07-12 20:06:23,269 - Skipping C:\PYtests\IMtool\Data\SPM_VENDOR.txt
2019-07-12 20:06:23,269 - Skipping C:\PYtests\IMtool\Data\SPM_VENDOR.txt
2019-07-12 20:06:23,270 - Skipping C:\PYtests\IMtool\Data\SPM_VENDOR.txt
2019-07-12 20:06:23,270 - Skipping C:\PYtests\IMtool\Data\SPM_VENDOR.txt
2019-07-12 20:06:23,270 - Processing file'C:\PYtests\IMtool\Data\backup'...
2019-07-12 20:06:23,270 - C:\PYtests\IMtool\Data\backup is not a file or does not exist. Skipping...
2019-07-12 20:06:38,186 - ***
2019-07-12 20:06:38,187 - ***
2019-07-12 20:06:38,187 - ***
2019-07-12 20:06:38,187 - *** Started Process to Rename Files
2019-07-12 20:06:38,187 - Processing folder'C:\PYtests\IMtool\Data\'...
2019-07-12 20:06:38,188 - Processing file'C:\PYtests\IMtool\Data\EmployeeFile.txt.pgp'...
2019-07-12 20:06:38,189 - Skipping C:\PYtests\IMtool\Data\EmployeeFile.txt.pgp
2019-07-12 20:06:38,189 - Skipping C:\PYtests\IMtool\Data\EmployeeFile.txt.pgp
2019-07-12 20:06:38,189 - Skipping C:\PYtests\IMtool\Data\EmployeeFile.txt.pgp
2019-07-12 20:06:38,189 - Skipping C:\PYtests\IMtool\Data\EmployeeFile.txt.pgp
2019-07-12 20:06:38,189 - Skipping C:\PYtests\IMtool\Data\EmployeeFile.txt.pgp
2019-07-12 20:06:38,190 - Processing file'C:\PYtests\IMtool\Data\SPM_VENDOR.txt'...
2019-07-12 20:06:38,190 - Skipping C:\PYtests\IMtool\Data\SPM_VENDOR.txt
2019-07-12 20:06:38,190 - Skipping C:\PYtests\IMtool\Data\SPM_VENDOR.txt
2019-07-12 20:06:38,190 - Skipping C:\PYtests\IMtool\Data\SPM_VENDOR.txt
2019-07-12 20:06:38,190 - Skipping C:\PYtests\IMtool\Data\SPM_VENDOR.txt
2019-07-12 20:06:38,190 - Skipping C:\PYtests\IMtool\Data\SPM_VENDOR.txt
2019-07-12 20:06:38,191 - Processing file'C:\PYtests\IMtool\Data\backup'...
2019-07-12 20:06:38,191 - C:\PYtests\IMtool\Data\backup is not a file or does not exist. Skipping...
2019-07-12 20:06:42,796 - ***
2019-07-12 20:06:42,796 - ***
2019-07-12 20:06:42,796 - ***
2019-07-12 20:06:42,796 - *** Started Process to Rename Files
2019-07-12 20:06:42,796 - Processing folder'C:\PYtests\IMtool\Data\'...
2019-07-12 20:06:42,797 - Processing file'C:\PYtests\IMtool\Data\EmployeeFile.txt.pgp'...
2019-07-12 20:06:42,797 - Skipping C:\PYtests\IMtool\Data\EmployeeFile.txt.pgp
2019-07-12 20:06:42,797 - Skipping C:\PYtests\IMtool\Data\EmployeeFile.txt.pgp
2019-07-12 20:06:42,797 - Skipping C:\PYtests\IMtool\Data\EmployeeFile.txt.pgp
2019-07-12 20:06:42,798 - Skipping C:\PYtests\IMtool\Data\EmployeeFile.txt.pgp
2019-07-12 20:06:42,798 - Skipping C:\PYtests\IMtool\Data\EmployeeFile.txt.pgp
2019-07-12 20:06:42,798 - Processing file'C:\PYtests\IMtool\Data\SPM_VENDOR.txt'...
2019-07-12 20:06:42,798 - Skipping C:\PYtests\IMtool\Data\SPM_VENDOR.txt
2019-07-12 20:06:42,798 - Skipping C:\PYtests\IMtool\Data\SPM_VENDOR.txt
2019-07-12 20:06:42,799 - Skipping C:\PYtests\IMtool\Data\SPM_VENDOR.txt
2019-07-12 20:06:42,799 - Skipping C:\PYtests\IMtool\Data\SPM_VENDOR.txt
2019-07-12 20:06:42,799 - Skipping C:\PYtests\IMtool\Data\SPM_VENDOR.txt
2019-07-12 20:06:42,799 - Processing file'C:\PYtests\IMtool\Data\backup'...
2019-07-12 20:06:42,799 - C:\PYtests\IMtool\Data\backup is not a file or does not exist. Skipping...
2019-07-12 20:08:33,796 - ***
2019-07-12 20:08:33,797 - ***
2019-07-12 20:08:33,797 - ***
2019-07-12 20:08:33,797 - *** Started Process to Rename Files
2019-07-12 20:08:33,797 - Processing folder'C:\PYtests\IMtool\Data\'...
2019-07-12 20:08:33,797 - Processing file'C:\PYtests\IMtool\Data\EmployeeFile.txt.pgp'...
2019-07-12 20:08:33,798 - Processing file'C:\PYtests\IMtool\Data\SPM_VENDOR.txt'...
2019-07-12 20:08:33,798 - Processing file'C:\PYtests\IMtool\Data\backup'...
2019-07-12 20:08:33,798 - C:\PYtests\IMtool\Data\backup is not a file or does not exist. Skipping...
2019-07-12 20:10:50,890 - ***
2019-07-12 20:10:50,890 - ***
2019-07-12 20:10:50,890 - ***
2019-07-12 20:10:50,890 - *** Started Process to Archive Files
2019-07-12 20:13:12,777 - ***
2019-07-12 20:13:12,778 - ***
2019-07-12 20:13:12,778 - ***
2019-07-12 20:13:12,778 - *** Started Process to Archive Files
2019-07-12 20:13:12,782 - Archived: SPM_VENDOR.txt
2019-07-12 20:13:12,786 - Archived: EmployeeFile.txt.pgp
2019-07-12 20:28:21,739 - ***
2019-07-12 20:28:21,739 - ***
2019-07-12 20:28:21,740 - ***
2019-07-12 20:28:21,740 - *** Started Process to Delete Archived Files
2019-07-12 20:28:39,763 - ***
2019-07-12 20:28:39,764 - ***
2019-07-12 20:28:39,764 - ***
2019-07-12 20:28:39,764 - *** Started Process to Delete Archived Files
2019-07-12 20:28:39,772 - Deleted: C:\PYtests\IMtool\Archives\SPM_VENDOR111.txt
2019-07-12 20:28:39,773 - Deleted: C:\PYtests\IMtool\Archives\EmployeeFile101.txt.pgp
2019-07-12 20:29:19,345 - ***
2019-07-12 20:29:19,345 - ***
2019-07-12 20:29:19,345 - ***
2019-07-12 20:29:19,345 - *** Started Process to Rename Files
2019-07-12 20:29:19,346 - Processing folder'C:\PYtests\IMtool\Data\'...
2019-07-12 20:29:19,346 - Processing file'C:\PYtests\IMtool\Data\EmployeesFile101.txt.pgp'...
2019-07-12 20:29:19,346 - Processing file'C:\PYtests\IMtool\Data\SPM_VENDOR111.txt'...
2019-07-12 20:29:19,346 - Renamed C:\PYtests\IMtool\Data\SPM_VENDOR111.txt to C:\PYtests\IMtool\Data\SPM_VENDOR.txt
2019-07-12 20:29:19,347 - Processing file'C:\PYtests\IMtool\Data\backup'...
2019-07-12 20:29:19,347 - C:\PYtests\IMtool\Data\backup is not a file or does not exist. Skipping...
2019-07-12 20:33:41,675 - ***
2019-07-12 20:33:41,675 - ***
2019-07-12 20:33:41,676 - ***
2019-07-12 20:33:41,677 - *** Started Process to Rename Files
2019-07-12 20:33:41,677 - Processing folder'C:\PYtests\IMtool\Data\'...
2019-07-12 20:33:41,677 - Processing file'C:\PYtests\IMtool\Data\backup'...
2019-07-12 20:33:41,677 - C:\PYtests\IMtool\Data\backup is not a file or does not exist. Skipping...
2019-07-12 20:33:46,980 - ***
2019-07-12 20:33:46,980 - ***
2019-07-12 20:33:46,980 - ***
2019-07-12 20:33:46,980 - *** Started Process to Rename Files
2019-07-12 20:33:46,981 - Processing folder'C:\PYtests\IMtool\Data\'...
2019-07-12 20:33:46,981 - Processing file'C:\PYtests\IMtool\Data\backup'...
2019-07-12 20:33:46,981 - C:\PYtests\IMtool\Data\backup is not a file or does not exist. Skipping...
2019-07-12 20:33:48,234 - ***
2019-07-12 20:33:48,234 - ***
2019-07-12 20:33:48,235 - ***
2019-07-12 20:33:48,235 - *** Started Process to Rename Files
2019-07-12 20:33:48,235 - Processing folder'C:\PYtests\IMtool\Data\'...
2019-07-12 20:33:48,235 - Processing file'C:\PYtests\IMtool\Data\backup'...
2019-07-12 20:33:48,235 - C:\PYtests\IMtool\Data\backup is not a file or does not exist. Skipping...
2019-07-12 20:33:50,674 - ***
2019-07-12 20:33:50,674 - ***
2019-07-12 20:33:50,674 - ***
2019-07-12 20:33:50,674 - *** Started Process to Rename Files
2019-07-12 20:33:50,675 - Processing folder'C:\PYtests\IMtool\Data\'...
2019-07-12 20:33:50,675 - Processing file'C:\PYtests\IMtool\Data\backup'...
2019-07-12 20:33:50,675 - C:\PYtests\IMtool\Data\backup is not a file or does not exist. Skipping...
2019-07-12 20:33:51,352 - ***
2019-07-12 20:33:51,353 - ***
2019-07-12 20:33:51,353 - ***
2019-07-12 20:33:51,353 - *** Started Process to Rename Files
2019-07-12 20:33:51,353 - Processing folder'C:\PYtests\IMtool\Data\'...
2019-07-12 20:33:51,354 - Processing file'C:\PYtests\IMtool\Data\backup'...
2019-07-12 20:33:51,354 - C:\PYtests\IMtool\Data\backup is not a file or does not exist. Skipping...
2019-07-12 20:33:53,441 - ***
2019-07-12 20:33:53,441 - ***
2019-07-12 20:33:53,441 - ***
2019-07-12 20:33:53,441 - *** Started Process to Rename Files
2019-07-12 20:33:53,442 - Processing folder'C:\PYtests\IMtool\Data\'...
2019-07-12 20:33:53,442 - Processing file'C:\PYtests\IMtool\Data\backup'...
2019-07-12 20:33:53,442 - C:\PYtests\IMtool\Data\backup is not a file or does not exist. Skipping...
2019-07-12 20:34:43,201 - Creating C:\PYtests\IMtool\IM_FileArchiveTool\icmtracker.txt...
2019-07-12 20:34:43,202 - ***
2019-07-12 20:34:43,202 - ***
2019-07-12 20:34:43,202 - ***
2019-07-12 20:34:43,202 - *** Started Process to Rename Files
2019-07-12 20:34:43,202 - Processing folder'C:\PYtests\IMtool\Data\'...
2019-07-12 20:34:43,203 - Processing file'C:\PYtests\IMtool\Data\backup'...
2019-07-12 20:34:43,203 - C:\PYtests\IMtool\Data\backup is not a file or does not exist. Skipping...
2019-07-12 20:34:48,430 - ***
2019-07-12 20:34:48,430 - ***
2019-07-12 20:34:48,431 - ***
2019-07-12 20:34:48,431 - *** Started Process to Rename Files
2019-07-12 20:34:48,431 - Processing folder'C:\PYtests\IMtool\Data\'...
2019-07-12 20:34:48,431 - Processing file'C:\PYtests\IMtool\Data\backup'...
2019-07-12 20:34:48,431 - C:\PYtests\IMtool\Data\backup is not a file or does not exist. Skipping...
2019-07-12 20:35:48,713 - ***
2019-07-12 20:35:48,713 - ***
2019-07-12 20:35:48,713 - ***
2019-07-12 20:35:48,713 - *** Started Process to Rename Files
2019-07-12 20:35:48,713 - Processing folder'C:\PYtests\IMtool\Data\'...
2019-07-12 20:35:48,714 - Processing file'C:\PYtests\IMtool\Data\backup'...
2019-07-12 20:35:48,714 - C:\PYtests\IMtool\Data\backup is not a file or does not exist. Skipping...
2019-07-12 20:36:23,456 - ***
2019-07-12 20:36:23,456 - ***
2019-07-12 20:36:23,456 - ***
2019-07-12 20:36:23,457 - *** Started Process to Rename Files
2019-07-12 20:36:23,457 - Processing folder'C:\PYtests\IMtool\Data\'...
2019-07-12 20:36:23,457 - Processing file'C:\PYtests\IMtool\Data\backup'...
2019-07-12 20:36:23,457 - C:\PYtests\IMtool\Data\backup is not a file or does not exist. Skipping...
2019-07-12 20:36:53,540 - ***
2019-07-12 20:36:53,541 - ***
2019-07-12 20:36:53,541 - ***
2019-07-12 20:36:53,541 - *** Started Process to Rename Files
2019-07-12 20:36:53,541 - Processing folder'C:\PYtests\IMtool\Data\'...
2019-07-12 20:36:53,542 - Processing file'C:\PYtests\IMtool\Data\backup'...
2019-07-12 20:36:53,542 - C:\PYtests\IMtool\Data\backup is not a file or does not exist. Skipping...
2019-07-12 20:37:13,020 - ***
2019-07-12 20:37:13,020 - ***
2019-07-12 20:37:13,020 - ***
2019-07-12 20:37:13,020 - *** Started Process to Rename Files
2019-07-12 20:37:13,021 - Processing folder'C:\PYtests\IMtool\Data\'...
2019-07-12 20:37:13,021 - Processing file'C:\PYtests\IMtool\Data\backup'...
2019-07-12 20:37:23,527 - C:\PYtests\IMtool\Data\backup is not a file or does not exist. Skipping...
2019-07-12 20:37:40,219 - ***
2019-07-12 20:37:40,219 - ***
2019-07-12 20:37:40,219 - ***
2019-07-12 20:37:40,220 - *** Started Process to Rename Files
2019-07-12 20:37:40,220 - Processing folder'C:\PYtests\IMtool\Data\'...
2019-07-12 20:38:22,118 - Processing file'C:\PYtests\IMtool\Data\backup'...
2019-07-12 20:38:22,119 - C:\PYtests\IMtool\Data\backup is not a file or does not exist. Skipping...
2019-07-12 20:39:34,968 - ***
2019-07-12 20:39:34,968 - ***
2019-07-12 20:39:34,968 - ***
2019-07-12 20:39:34,968 - *** Started Process to Rename Files
2019-07-12 20:39:34,968 - Processing folder'C:\PYtests\IMtool\Data\'...
2019-07-12 20:39:49,456 - Processing file'C:\PYtests\IMtool\Data\backup'...
2019-07-12 20:39:49,457 - C:\PYtests\IMtool\Data\backup is not a file or does not exist. Skipping...
2019-07-12 20:40:17,910 - ***
2019-07-12 20:40:17,910 - ***
2019-07-12 20:40:17,911 - ***
2019-07-12 20:40:17,911 - *** Started Process to Rename Files
2019-07-12 20:40:17,911 - Processing folder'C:\PYtests\IMtool\Data\'...
2019-07-12 20:40:19,762 - Processing file'C:\PYtests\IMtool\Data\EmployeeFile101.txt.pgp'...
2019-07-12 20:40:19,763 - Renamed C:\PYtests\IMtool\Data\EmployeeFile101.txt.pgp to C:\PYtests\IMtool\Data\EmployeeFile.txt.pgp
2019-07-12 20:40:22,329 - Processing file'C:\PYtests\IMtool\Data\SPM_VENDOR111.txt'...
2019-07-12 20:40:22,329 - Renamed C:\PYtests\IMtool\Data\SPM_VENDOR111.txt to C:\PYtests\IMtool\Data\SPM_VENDOR.txt
2019-07-12 20:40:24,400 - Processing file'C:\PYtests\IMtool\Data\backup'...
2019-07-12 20:40:24,401 - C:\PYtests\IMtool\Data\backup is not a file or does not exist. Skipping...
2019-07-12 20:41:29,527 - ***
2019-07-12 20:41:29,528 - ***
2019-07-12 20:41:29,528 - ***
2019-07-12 20:41:29,528 - *** Started Process to Archive Files
2019-07-12 20:41:29,532 - Archived: EmployeeFile.txt.pgp
2019-07-12 20:41:29,536 - Archived: SPM_VENDOR.txt
2019-07-12 20:41:42,681 - ***
2019-07-12 20:41:42,681 - ***
2019-07-12 20:41:42,681 - ***
2019-07-12 20:41:42,681 - *** Started Process to Delete Archived Files
2019-07-13 03:06:49,290 - ***
2019-07-13 03:06:49,307 - ***
2019-07-13 03:06:49,307 - ***
2019-07-13 03:06:49,308 - *** Started Process to Rename Files
2019-07-13 03:06:49,308 - Processing folder'C:\PYtests\IMtool\Data\'...
2019-07-13 03:06:49,308 - Processing file'C:\PYtests\IMtool\Data\EmployeeFile101.txt.pgp'...
2019-07-13 03:06:49,308 - Processing file'C:\PYtests\IMtool\Data\SPM_VENDOR111.txt'...
2019-07-13 03:06:49,309 - Processing file'C:\PYtests\IMtool\Data\backup'...
2019-07-13 03:06:49,309 - C:\PYtests\IMtool\Data\backup is not a file or does not exist. Skipping...
2019-07-13 03:22:57,195 - Creating C:\PYtests\IMtool\IM_FileArchiveTool\icmtracker.txt...
2019-07-13 03:22:57,196 - ***
2019-07-13 03:22:57,196 - ***
2019-07-13 03:22:57,196 - ***
2019-07-13 03:22:57,196 - *** Started Process to Rename Files
2019-07-13 03:22:57,197 - Processing folder'C:\PYtests\IMtool\Data\'...
2019-07-13 03:22:57,197 - Processing file'C:\PYtests\IMtool\Data\EmployeeFile101.txt.pgp'...
2019-07-13 03:22:57,197 - Renamed C:\PYtests\IMtool\Data\EmployeeFile101.txt.pgp to C:\PYtests\IMtool\Data\EmployeeFile.txt.pgp
2019-07-13 03:22:57,198 - Processing file'C:\PYtests\IMtool\Data\SPM_VENDOR111.txt'...
2019-07-13 03:22:57,198 - Renamed C:\PYtests\IMtool\Data\SPM_VENDOR111.txt to C:\PYtests\IMtool\Data\SPM_VENDOR.txt
2019-07-13 03:22:57,199 - Processing file'C:\PYtests\IMtool\Data\backup'...
2019-07-13 03:22:57,199 - C:\PYtests\IMtool\Data\backup is not a file or does not exist. Skipping...
2019-07-13 03:23:18,008 - ***
2019-07-13 03:23:18,008 - ***
2019-07-13 03:23:18,008 - ***
2019-07-13 03:23:18,009 - *** Started Process to Rename Files
2019-07-13 03:23:18,009 - Processing folder'C:\PYtests\IMtool\Data\'...
2019-07-13 03:23:18,010 - Processing file'C:\PYtests\IMtool\Data\EmployeeFile.txt.pgp'...
2019-07-13 03:23:18,010 - Renamed C:\PYtests\IMtool\Data\EmployeeFile.txt.pgp to C:\PYtests\IMtool\Data\EmployeeFile.txt.pgp
2019-07-13 03:24:45,986 - Creating C:\PYtests\IMtool\IM_FileArchiveTool\icmtracker.txt...
2019-07-13 03:24:45,987 - ***
2019-07-13 03:24:45,987 - ***
2019-07-13 03:24:45,987 - ***
2019-07-13 03:24:45,988 - *** Started Process to Rename Files
2019-07-13 03:24:45,988 - Processing folder'C:\PYtests\IMtool\Data\'...
2019-07-13 03:24:45,988 - Processing file'C:\PYtests\IMtool\Data\EmployeeFile101.txt.pgp'...
2019-07-13 03:24:45,988 - Renamed C:\PYtests\IMtool\Data\EmployeeFile101.txt.pgp to C:\PYtests\IMtool\Data\EmployeeFile.txt.pgp
2019-07-13 03:24:45,989 - Processing file'C:\PYtests\IMtool\Data\SPM_VENDOR111.txt'...
2019-07-13 03:24:45,989 - Renamed C:\PYtests\IMtool\Data\SPM_VENDOR111.txt to C:\PYtests\IMtool\Data\SPM_VENDOR.txt
2019-07-13 03:24:45,990 - Processing file'C:\PYtests\IMtool\Data\backup'...
2019-07-13 03:24:45,990 - C:\PYtests\IMtool\Data\backup is not a file or does not exist. Skipping...
2019-07-13 03:24:54,549 - ***
2019-07-13 03:24:54,549 - ***
2019-07-13 03:24:54,550 - ***
2019-07-13 03:24:54,550 - *** Started Process to Archive Files
2019-07-13 03:24:54,553 - Did not find: C:\PYtests\IMtool\Data\EmployeeFile101.txt.pgp
2019-07-13 03:24:54,554 - Did not find: C:\PYtests\IMtool\Data\SPM_VENDOR111.txt
2019-07-13 03:25:10,678 - ***
2019-07-13 03:25:10,678 - ***
2019-07-13 03:25:10,678 - ***
2019-07-13 03:25:10,679 - *** Started Process to Archive Files
2019-07-13 03:25:10,684 - Did not find: C:\PYtests\IMtool\Data\EmployeeFile101.txt.pgp
2019-07-13 03:25:10,684 - Did not find: C:\PYtests\IMtool\Data\SPM_VENDOR111.txt
2019-07-13 03:29:13,965 - Creating C:\PYtests\IMtool\IM_FileArchiveTool\icmtracker.txt...
2019-07-13 03:29:13,966 - ***
2019-07-13 03:29:13,966 - ***
2019-07-13 03:29:13,966 - ***
2019-07-13 03:29:13,967 - *** Started Process to Rename Files
2019-07-13 03:29:13,967 - Processing folder'C:\PYtests\IMtool\Data\'...
2019-07-13 03:29:13,967 - Processing file'C:\PYtests\IMtool\Data\EmployeeFile101.txt.pgp'...
2019-07-13 03:29:13,967 - Renamed C:\PYtests\IMtool\Data\EmployeeFile101.txt.pgp to C:\PYtests\IMtool\Data\EmployeeFile.txt.pgp
2019-07-13 03:29:13,968 - Processing file'C:\PYtests\IMtool\Data\SPM_VENDOR111.txt'...
2019-07-13 03:29:13,968 - Renamed C:\PYtests\IMtool\Data\SPM_VENDOR111.txt to C:\PYtests\IMtool\Data\SPM_VENDOR.txt
2019-07-13 03:29:13,969 - Processing file'C:\PYtests\IMtool\Data\backup'...
2019-07-13 03:29:13,969 - C:\PYtests\IMtool\Data\backup is not a file or does not exist. Skipping...
2019-07-13 03:33:04,262 - ***
2019-07-13 03:33:04,262 - ***
2019-07-13 03:33:04,263 - ***
2019-07-13 03:33:04,263 - *** Started Process to Archive Files
2019-07-13 03:33:04,267 - Did not find: EmployeeFile101.txt.pgp
2019-07-13 03:33:04,267 - Did not find: SPM_VENDOR111.txt
2019-07-13 03:33:52,576 - ***
2019-07-13 03:33:52,577 - ***
2019-07-13 03:33:52,577 - ***
2019-07-13 03:33:52,577 - *** Started Process to Archive Files
2019-07-13 03:33:52,581 - Did not find: C:\PYtests\IMtool\Data\EmployeeFile101.txt.pgp
2019-07-13 03:33:52,581 - Did not find: C:\PYtests\IMtool\Data\SPM_VENDOR111.txt
2019-07-13 03:34:34,061 - ***
2019-07-13 03:34:34,061 - ***
2019-07-13 03:34:34,062 - ***
2019-07-13 03:34:34,062 - *** Started Process to Archive Files
2019-07-13 03:34:34,067 - Archived: EmployeeFile101.txt.pgp
2019-07-13 03:34:34,071 - Archived: SPM_VENDOR111.txt
2019-07-13 03:35:10,947 - ***
2019-07-13 03:35:10,947 - ***
2019-07-13 03:35:10,947 - ***
2019-07-13 03:35:10,948 - *** Started Process to Delete Archived Files
2019-07-13 03:35:10,955 - Deleted: C:\PYtests\IMtool\Archives\EmployeeFile101.txt.pgp
2019-07-13 03:35:10,956 - Deleted: C:\PYtests\IMtool\Archives\SPM_VENDOR111.txt
2019-07-13 03:35:40,468 - ***
2019-07-13 03:35:40,468 - ***
2019-07-13 03:35:40,468 - ***
2019-07-13 03:35:40,468 - *** Started Process to Rename Files
2019-07-13 03:35:40,468 - Processing folder'C:\PYtests\IMtool\Data\'...
2019-07-13 03:35:40,469 - Processing file'C:\PYtests\IMtool\Data\EmployeeFile101.txt.pgp'...
2019-07-13 03:35:40,469 - Renamed C:\PYtests\IMtool\Data\EmployeeFile101.txt.pgp to C:\PYtests\IMtool\Data\EmployeeFile.txt.pgp
2019-07-13 03:35:40,470 - Processing file'C:\PYtests\IMtool\Data\SPM_VENDOR111.txt'...
2019-07-13 03:35:40,470 - Renamed C:\PYtests\IMtool\Data\SPM_VENDOR111.txt to C:\PYtests\IMtool\Data\SPM_VENDOR.txt
2019-07-13 03:35:40,471 - Processing file'C:\PYtests\IMtool\Data\backup'...
2019-07-13 03:35:40,471 - C:\PYtests\IMtool\Data\backup is not a file or does not exist. Skipping...
2019-07-13 03:36:08,671 - ***
2019-07-13 03:36:08,671 - ***
2019-07-13 03:36:08,672 - ***
2019-07-13 03:36:08,672 - *** Started Process to Archive Files
2019-07-13 03:36:08,676 - Archived: EmployeeFile101.txt.pgp
2019-07-13 03:36:08,678 - Archived: SPM_VENDOR111.txt
2019-07-13 03:36:36,288 - ***
2019-07-13 03:36:36,289 - ***
2019-07-13 03:36:36,289 - ***
2019-07-13 03:36:36,289 - *** Started Process to Rename Files
2019-07-13 03:36:36,289 - Processing folder'C:\PYtests\IMtool\Data\'...
2019-07-13 03:36:36,290 - Processing file'C:\PYtests\IMtool\Data\EmployeeFile101.txt - Copy.pgp'...
2019-07-13 03:36:36,290 - Renamed C:\PYtests\IMtool\Data\EmployeeFile101.txt - Copy.pgp to C:\PYtests\IMtool\Data\EmployeeFile.txt - Copy.pgp
2019-07-13 03:36:36,291 - Processing file'C:\PYtests\IMtool\Data\SPM_VENDOR111 - Copy.txt'...
2019-07-13 03:36:36,292 - Renamed C:\PYtests\IMtool\Data\SPM_VENDOR111 - Copy.txt to C:\PYtests\IMtool\Data\SPM_VENDOR.txt
2019-07-13 03:36:36,293 - Processing file'C:\PYtests\IMtool\Data\backup'...
2019-07-13 03:36:36,293 - C:\PYtests\IMtool\Data\backup is not a file or does not exist. Skipping...
2019-07-13 03:39:54,945 - ***
2019-07-13 03:39:54,946 - ***
2019-07-13 03:39:54,946 - ***
2019-07-13 03:39:54,946 - *** Started Process to Archive Files
2019-07-13 03:39:54,953 - Did not find: C:\PYtests\IMtool\Data\EmployeeFile.txt.pgp
2019-07-13 03:39:54,954 - Archived: SPM_VENDOR111.txt
2019-07-13 03:39:54,957 - Did not find: C:\PYtests\IMtool\Data\SPM_VENDOR.txt
2019-07-13 03:46:01,803 - Creating C:\PYtests\IMtool\IM_FileArchiveTool\icmtracker.txt...
2019-07-13 03:46:01,804 - ***
2019-07-13 03:46:01,804 - ***
2019-07-13 03:46:01,804 - ***
2019-07-13 03:46:01,804 - *** Started Process to Rename Files
2019-07-13 03:46:01,805 - Processing folder'C:\PYtests\IMtool\Data\'...
2019-07-13 03:46:01,806 - Processing file'C:\PYtests\IMtool\Data\EmployeeFile101.txt.pgp'...
2019-07-13 03:46:01,806 - Renamed C:\PYtests\IMtool\Data\EmployeeFile101.txt.pgp to C:\PYtests\IMtool\Data\EmployeeFile.txt.pgp
2019-07-13 03:46:01,807 - Processing file'C:\PYtests\IMtool\Data\SPM_VENDOR111.txt'...
2019-07-13 03:46:01,807 - Renamed C:\PYtests\IMtool\Data\SPM_VENDOR111.txt to C:\PYtests\IMtool\Data\SPM_VENDOR.txt
2019-07-13 03:46:01,808 - Processing file'C:\PYtests\IMtool\Data\backup'...
2019-07-13 03:46:01,808 - C:\PYtests\IMtool\Data\backup is not a file or does not exist. Skipping...
2019-07-13 03:48:02,141 - ***
2019-07-13 03:48:02,141 - ***
2019-07-13 03:48:02,142 - ***
2019-07-13 03:48:02,142 - *** Started Process to Archive Files
2019-07-13 03:48:02,146 - Archived: EmployeeFile101.txt.pgp
2019-07-13 03:48:02,149 - Archived: SPM_VENDOR111.txt
2019-07-13 03:48:45,544 - ***
2019-07-13 03:48:45,545 - ***
2019-07-13 03:48:45,545 - ***
2019-07-13 03:48:45,545 - *** Started Process to Rename Files
2019-07-13 03:48:45,546 - Processing folder'C:\PYtests\IMtool\Data\'...
2019-07-13 03:48:45,546 - Processing file'C:\PYtests\IMtool\Data\EmployeeFile101-Copy.txt.pgp'...
2019-07-13 03:48:45,547 - Renamed C:\PYtests\IMtool\Data\EmployeeFile101-Copy.txt.pgp to C:\PYtests\IMtool\Data\EmployeeFile.txt.pgp
2019-07-13 03:48:45,548 - Processing file'C:\PYtests\IMtool\Data\SPM_VENDOR111 - Copy.txt'...
2019-07-13 03:48:45,548 - Renamed C:\PYtests\IMtool\Data\SPM_VENDOR111 - Copy.txt to C:\PYtests\IMtool\Data\SPM_VENDOR.txt
2019-07-13 03:48:45,548 - Processing file'C:\PYtests\IMtool\Data\backup'...
2019-07-13 03:48:45,549 - C:\PYtests\IMtool\Data\backup is not a file or does not exist. Skipping...
2019-07-13 03:49:10,355 - ***
2019-07-13 03:49:10,355 - ***
2019-07-13 03:49:10,355 - ***
2019-07-13 03:49:10,355 - *** Started Process to Archive Files
2019-07-13 03:49:10,361 - Archived: EmployeeFile101-Copy.txt.pgp
2019-07-13 03:49:10,365 - Archived: SPM_VENDOR111 - Copy.txt
2019-07-13 03:50:03,827 - ***
2019-07-13 03:50:03,828 - ***
2019-07-13 03:50:03,828 - ***
2019-07-13 03:50:03,828 - *** Started Process to Rename Files
2019-07-13 03:50:03,828 - Processing folder'C:\PYtests\IMtool\Data\'...
2019-07-13 03:50:03,829 - Processing file'C:\PYtests\IMtool\Data\EmployeeFile101-Copy (2).txt.pgp'...
2019-07-13 03:50:03,829 - Renamed C:\PYtests\IMtool\Data\EmployeeFile101-Copy (2).txt.pgp to C:\PYtests\IMtool\Data\EmployeeFile.txt.pgp
2019-07-13 03:50:03,829 - Processing file'C:\PYtests\IMtool\Data\SPM_VENDOR111 - Copy (2).txt'...
2019-07-13 03:50:03,830 - Renamed C:\PYtests\IMtool\Data\SPM_VENDOR111 - Copy (2).txt to C:\PYtests\IMtool\Data\SPM_VENDOR.txt
2019-07-13 03:50:03,830 - Processing file'C:\PYtests\IMtool\Data\backup'...
2019-07-13 03:50:03,830 - C:\PYtests\IMtool\Data\backup is not a file or does not exist. Skipping...
2019-07-13 03:50:07,115 - ***
2019-07-13 03:50:07,115 - ***
2019-07-13 03:50:07,115 - ***
2019-07-13 03:50:07,115 - *** Started Process to Archive Files
2019-07-13 03:50:07,121 - Archived: EmployeeFile101-Copy (2).txt.pgp
2019-07-13 03:50:07,125 - Archived: SPM_VENDOR111 - Copy (2).txt
2019-07-13 03:50:46,124 - ***
2019-07-13 03:50:46,125 - ***
2019-07-13 03:50:46,125 - ***
2019-07-13 03:50:46,125 - *** Started Process to Delete Archived Files
2019-07-13 03:50:46,133 - Deleted: C:\PYtests\IMtool\Archives\EmployeeFile101.txt.pgp
2019-07-13 03:50:46,134 - Deleted: C:\PYtests\IMtool\Archives\SPM_VENDOR111.txt
2019-07-13 03:50:46,134 - Deleted: C:\PYtests\IMtool\Archives\EmployeeFile101-Copy.txt.pgp
2019-07-13 03:50:46,135 - Deleted: C:\PYtests\IMtool\Archives\SPM_VENDOR111 - Copy.txt
2019-07-13 03:50:46,135 - Deleted: C:\PYtests\IMtool\Archives\EmployeeFile101-Copy (2).txt.pgp
2019-07-13 03:50:46,135 - Deleted: C:\PYtests\IMtool\Archives\SPM_VENDOR111 - Copy (2).txt
